#
# A fatal error has been detected by the Java Runtime Environment:
#
#  EXCEPTION_ACCESS_VIOLATION (0xc0000005) at pc=0x0000000068f772f5, pid=7552, tid=1824
#
# JRE version: Java(TM) SE Runtime Environment (8.0_05-b13) (build 1.8.0_05-b13)
# Java VM: Java HotSpot(TM) 64-Bit Server VM (25.5-b02 mixed mode windows-amd64 compressed oops)
# Problematic frame:
# V  [jvm.dll+0x1172f5]
#
# Failed to write core dump. Minidumps are not enabled by default on client versions of Windows
#
# If you would like to submit a bug report, please visit:
#   http://bugreport.sun.com/bugreport/crash.jsp
#

---------------  T H R E A D  ---------------

Current thread (0x00000000177c6000):  JavaThread "JDWP Transport Listener: dt_socket" daemon [_thread_in_vm, id=1824, stack(0x0000000019060000,0x0000000019160000)]

siginfo: ExceptionCode=0xc0000005, reading address 0xffffffffffffffff

Registers:
RAX=0x000000001915f201, RBX=0x00000000177c6000, RCX=0x3124003b656d614e, RDX=0x0000000000000000
RSP=0x000000001915f240, RBP=0x3124003b656d614e, RSI=0x000000001915f358, RDI=0x0000000001237e70
R8 =0x00000000177c6000, R9 =0x0000000000008000, R10=0x4c2f6c6974752f61, R11=0x0000000019a5745f
R12=0x0000000000000000, R13=0x00000000177cfac8, R14=0x0000000000000000, R15=0x0000000000000000
RIP=0x0000000068f772f5, EFLAGS=0x0000000000010206

Top of Stack: (sp=0x000000001915f240)
0x000000001915f240:   00000000177c6000 00000000177c6000
0x000000001915f250:   000000001915f308 000000006916a04b
0x000000001915f260:   00000000177c6000 00000000691868ad
0x000000001915f270:   0000000000000024 0000000068df9149
0x000000001915f280:   000000001ae04848 0000000068e02912
0x000000001915f290:   00000000177c6000 0000000000000000
0x000000001915f2a0:   0000000000000000 0000000000000000
0x000000001915f2b0:   3124003b656d614e 0000000068e01a09
0x000000001915f2c0:   000000001915f358 000000001915f330
0x000000001915f2d0:   0000000000000001 000000001ae04848
0x000000001915f2e0:   3124003b656d614e 0000000068de53b3
0x000000001915f2f0:   000000001915f420 0000000000000001
0x000000001915f300:   0000000000000001 000000001ae04848
0x000000001915f310:   0000000000000001 0000000000000000
0x000000001915f320:   0000000000000000 0000000000000000
0x000000001915f330:   0000000000000001 0000000068de5571 

Instructions: (pc=0x0000000068f772f5)
0x0000000068f772d5:   cc cc cc cc cc cc cc cc cc cc cc 48 83 ec 28 48
0x0000000068f772e5:   85 c9 75 07 33 c0 48 83 c4 28 c3 48 89 5c 24 20
0x0000000068f772f5:   48 8b 19 48 85 db 74 20 48 83 fb 37 74 1a 48 8b
0x0000000068f77305:   13 48 8b cb ff 52 08 84 c0 74 0d 48 8b c3 48 8b 


Register to memory mapping:

RAX=0x000000001915f201 is pointing into the stack for thread: 0x00000000177c6000
RBX=0x00000000177c6000 is a thread
RCX=0x3124003b656d614e is an unknown value
RDX=0x0000000000000000 is an unknown value
RSP=0x000000001915f240 is pointing into the stack for thread: 0x00000000177c6000
RBP=0x3124003b656d614e is an unknown value
RSI=0x000000001915f358 is pointing into the stack for thread: 0x00000000177c6000
RDI=0x0000000001237e70 is an unknown value
R8 =0x00000000177c6000 is a thread
R9 =0x0000000000008000 is an unknown value
R10=0x4c2f6c6974752f61 is an unknown value
R11=0x0000000019a5745f is an unknown value
R12=0x0000000000000000 is an unknown value
R13=0x00000000177cfac8 is an unknown value
R14=0x0000000000000000 is an unknown value
R15=0x0000000000000000 is an unknown value


Stack: [0x0000000019060000,0x0000000019160000],  sp=0x000000001915f240,  free space=1020k
Native frames: (J=compiled Java code, j=interpreted, Vv=VM code, C=native code)
V  [jvm.dll+0x1172f5]
V  [jvm.dll+0x3268ad]
C  [jdwp.dll+0x21a09]
C  [jdwp.dll+0x53b3]
C  [jdwp.dll+0x5571]
C  [jdwp.dll+0xf09c]
C  [jdwp.dll+0x1f2c9]
C  [jdwp.dll+0x1f49e]
V  [jvm.dll+0x1a7128]
V  [jvm.dll+0x2232c4]
V  [jvm.dll+0x27baca]
C  [msvcr100.dll+0x21d9f]
C  [msvcr100.dll+0x21e3b]
C  [KERNEL32.DLL+0x8364]
C  [ntdll.dll+0x670d1]


---------------  P R O C E S S  ---------------

Java Threads: ( => current thread )
  0x000000001c761800 JavaThread "http-nio-8080-exec-1" daemon [_thread_blocked, id=6436, stack(0x000000001fb40000,0x000000001fc40000)]
  0x000000001bf85800 JavaThread "http-nio-8080-Acceptor-0" daemon [_thread_in_native, id=10232, stack(0x000000001fa40000,0x000000001fb40000)]
  0x000000001d108800 JavaThread "http-nio-8080-ClientPoller-1" daemon [_thread_in_native, id=9976, stack(0x000000001e230000,0x000000001e330000)]
  0x000000001a8b3000 JavaThread "http-nio-8080-ClientPoller-0" daemon [_thread_in_native, id=1224, stack(0x000000001e130000,0x000000001e230000)]
  0x000000001bf8c800 JavaThread "ContainerBackgroundProcessor[StandardEngine[Tomcat]]" daemon [_thread_blocked, id=9920, stack(0x000000001e030000,0x000000001e130000)]
  0x000000001a616800 JavaThread "NioBlockingSelector.BlockPoller-1" daemon [_thread_in_native, id=4792, stack(0x000000001b630000,0x000000001b730000)]
  0x000000001781e800 JavaThread "Service Thread" daemon [_thread_blocked, id=1500, stack(0x0000000019a60000,0x0000000019b60000)]
  0x00000000177fe800 JavaThread "C1 CompilerThread2" daemon [_thread_blocked, id=8832, stack(0x0000000019560000,0x0000000019660000)]
  0x00000000177e9000 JavaThread "C2 CompilerThread1" daemon [_thread_blocked, id=4032, stack(0x0000000019460000,0x0000000019560000)]
  0x00000000177e3000 JavaThread "C2 CompilerThread0" daemon [_thread_blocked, id=7468, stack(0x0000000019360000,0x0000000019460000)]
  0x00000000177d8000 JavaThread "JDWP Command Reader" daemon [_thread_in_native, id=8004, stack(0x0000000019260000,0x0000000019360000)]
  0x00000000177d3000 JavaThread "JDWP Event Helper Thread" daemon [_thread_blocked, id=3792, stack(0x0000000019160000,0x0000000019260000)]
=>0x00000000177c6000 JavaThread "JDWP Transport Listener: dt_socket" daemon [_thread_in_vm, id=1824, stack(0x0000000019060000,0x0000000019160000)]
  0x00000000177be800 JavaThread "Attach Listener" daemon [_thread_blocked, id=8944, stack(0x0000000018c20000,0x0000000018d20000)]
  0x00000000177bd000 JavaThread "Signal Dispatcher" daemon [_thread_blocked, id=3608, stack(0x0000000018b20000,0x0000000018c20000)]
  0x0000000002c27000 JavaThread "Finalizer" daemon [_thread_blocked, id=9652, stack(0x0000000018a20000,0x0000000018b20000)]
  0x0000000017788000 JavaThread "Reference Handler" daemon [_thread_blocked, id=3480, stack(0x0000000018920000,0x0000000018a20000)]
  0x000000000123e800 JavaThread "main" [_thread_blocked, id=8288, stack(0x00000000029e0000,0x0000000002ae0000)]

Other Threads:
  0x0000000017787000 VMThread [stack: 0x0000000018820000,0x0000000018920000] [id=10176]
  0x00000000196b3000 WatcherThread [stack: 0x0000000019b60000,0x0000000019c60000] [id=1040]

VM state:not at safepoint (normal execution)

VM Mutex/Monitor currently owned by a thread: None

Heap:
 PSYoungGen      total 61440K, used 10680K [0x00000000d5b00000, 0x00000000db880000, 0x0000000100000000)
  eden space 53760K, 5% used [0x00000000d5b00000,0x00000000d5def558,0x00000000d8f80000)
  from space 7680K, 99% used [0x00000000d8f80000,0x00000000d96feb98,0x00000000d9700000)
  to   space 10240K, 0% used [0x00000000dae80000,0x00000000dae80000,0x00000000db880000)
 ParOldGen       total 129536K, used 12644K [0x0000000081000000, 0x0000000088e80000, 0x00000000d5b00000)
  object space 129536K, 9% used [0x0000000081000000,0x0000000081c59308,0x0000000088e80000)
 Metaspace       used 20544K, capacity 20832K, committed 21120K, reserved 1067008K
  class space    used 2526K, capacity 2602K, committed 2688K, reserved 1048576K

Card table byte_map: [0x0000000011ff0000,0x00000000123f0000] byte_map_base: 0x0000000011be8000

Marking Bits: (ParMarkBitMap*) 0x00000000696113b0
 Begin Bits: [0x0000000012aa0000, 0x0000000014a60000)
 End Bits:   [0x0000000014a60000, 0x0000000016a20000)

Polling page: 0x00000000011b0000

CodeCache: size=245760Kb used=8091Kb max_used=8111Kb free=237668Kb
 bounds [0x0000000002c30000, 0x0000000003430000, 0x0000000011c30000]
 total_blobs=2480 nmethods=2091 adapters=310
 compilation: enabled

Compilation events (10 events):
Event: 15.301 Thread 0x00000000177fe800 nmethod 2093 0x000000000340c210 code [0x000000000340c420, 0x000000000340cfb8]
Event: 15.301 Thread 0x00000000177fe800 2090       3       com.fasterxml.jackson.databind.introspect.AnnotatedClass::_collectRelevantAnnotations (16 bytes)
Event: 15.301 Thread 0x00000000177fe800 nmethod 2090 0x00000000033fe590 code [0x00000000033fe700, 0x00000000033fe9a8]
Event: 15.301 Thread 0x00000000177fe800 2094       1       com.fasterxml.jackson.databind.JavaType::getRawClass (5 bytes)
Event: 15.301 Thread 0x00000000177fe800 nmethod 2094 0x000000000340bf50 code [0x000000000340c0a0, 0x000000000340c1b0]
Event: 15.318 Thread 0x00000000177fe800 2095       3       java.nio.HeapByteBuffer::put (16 bytes)
Event: 15.318 Thread 0x00000000177fe800 nmethod 2095 0x000000000340b810 code [0x000000000340b9a0, 0x000000000340bd28]
Event: 15.318 Thread 0x00000000177fe800 2096       3       java.nio.Buffer::nextPutIndex (31 bytes)
Event: 15.318 Thread 0x00000000177fe800 nmethod 2096 0x000000000340b390 code [0x000000000340b500, 0x000000000340b728]
Event: 15.345 Thread 0x00000000177e3000 nmethod 2086 0x000000000341f250 code [0x000000000341f5a0, 0x0000000003421a58]

GC Heap History (10 events):
Event: 1.779 GC heap before
{Heap before GC invocations=17 (full 0):
 PSYoungGen      total 31232K, used 30687K [0x00000000d5b00000, 0x00000000d7e80000, 0x0000000100000000)
  eden space 27648K, 100% used [0x00000000d5b00000,0x00000000d7600000,0x00000000d7600000)
  from space 3584K, 84% used [0x00000000d7a00000,0x00000000d7cf7e18,0x00000000d7d80000)
  to   space 4096K, 0% used [0x00000000d7600000,0x00000000d7600000,0x00000000d7a00000)
 ParOldGen       total 129536K, used 6305K [0x0000000081000000, 0x0000000088e80000, 0x00000000d5b00000)
  object space 129536K, 4% used [0x0000000081000000,0x00000000816286b0,0x0000000088e80000)
 Metaspace       used 11336K, capacity 11462K, committed 11648K, reserved 1058816K
  class space    used 1234K, capacity 1286K, committed 1408K, reserved 1048576K
Event: 1.784 GC heap after
Heap after GC invocations=17 (full 0):
 PSYoungGen      total 31744K, used 4095K [0x00000000d5b00000, 0x00000000d8c00000, 0x0000000100000000)
  eden space 27648K, 0% used [0x00000000d5b00000,0x00000000d5b00000,0x00000000d7600000)
  from space 4096K, 99% used [0x00000000d7600000,0x00000000d79ffe08,0x00000000d7a00000)
  to   space 5632K, 0% used [0x00000000d8680000,0x00000000d8680000,0x00000000d8c00000)
 ParOldGen       total 129536K, used 8143K [0x0000000081000000, 0x0000000088e80000, 0x00000000d5b00000)
  object space 129536K, 6% used [0x0000000081000000,0x00000000817f3f80,0x0000000088e80000)
 Metaspace       used 11336K, capacity 11462K, committed 11648K, reserved 1058816K
  class space    used 1234K, capacity 1286K, committed 1408K, reserved 1048576K
}
Event: 1.934 GC heap before
{Heap before GC invocations=18 (full 0):
 PSYoungGen      total 31744K, used 31743K [0x00000000d5b00000, 0x00000000d8c00000, 0x0000000100000000)
  eden space 27648K, 100% used [0x00000000d5b00000,0x00000000d7600000,0x00000000d7600000)
  from space 4096K, 99% used [0x00000000d7600000,0x00000000d79ffe08,0x00000000d7a00000)
  to   space 5632K, 0% used [0x00000000d8680000,0x00000000d8680000,0x00000000d8c00000)
 ParOldGen       total 129536K, used 8143K [0x0000000081000000, 0x0000000088e80000, 0x00000000d5b00000)
  object space 129536K, 6% used [0x0000000081000000,0x00000000817f3f80,0x0000000088e80000)
 Metaspace       used 11340K, capacity 11462K, committed 11648K, reserved 1058816K
  class space    used 1234K, capacity 1286K, committed 1408K, reserved 1048576K
Event: 1.939 GC heap after
Heap after GC invocations=18 (full 0):
 PSYoungGen      total 44032K, used 5475K [0x00000000d5b00000, 0x00000000d8d00000, 0x0000000100000000)
  eden space 38400K, 0% used [0x00000000d5b00000,0x00000000d5b00000,0x00000000d8080000)
  from space 5632K, 97% used [0x00000000d8680000,0x00000000d8bd8d80,0x00000000d8c00000)
  to   space 6144K, 0% used [0x00000000d8080000,0x00000000d8080000,0x00000000d8680000)
 ParOldGen       total 129536K, used 8489K [0x0000000081000000, 0x0000000088e80000, 0x00000000d5b00000)
  object space 129536K, 6% used [0x0000000081000000,0x000000008184a420,0x0000000088e80000)
 Metaspace       used 11340K, capacity 11462K, committed 11648K, reserved 1058816K
  class space    used 1234K, capacity 1286K, committed 1408K, reserved 1048576K
}
Event: 2.174 GC heap before
{Heap before GC invocations=19 (full 0):
 PSYoungGen      total 44032K, used 43875K [0x00000000d5b00000, 0x00000000d8d00000, 0x0000000100000000)
  eden space 38400K, 100% used [0x00000000d5b00000,0x00000000d8080000,0x00000000d8080000)
  from space 5632K, 97% used [0x00000000d8680000,0x00000000d8bd8d80,0x00000000d8c00000)
  to   space 6144K, 0% used [0x00000000d8080000,0x00000000d8080000,0x00000000d8680000)
 ParOldGen       total 129536K, used 8489K [0x0000000081000000, 0x0000000088e80000, 0x00000000d5b00000)
  object space 129536K, 6% used [0x0000000081000000,0x000000008184a420,0x0000000088e80000)
 Metaspace       used 11376K, capacity 11526K, committed 11648K, reserved 1058816K
  class space    used 1239K, capacity 1286K, committed 1408K, reserved 1048576K
Event: 2.185 GC heap after
Heap after GC invocations=19 (full 0):
 PSYoungGen      total 44544K, used 6113K [0x00000000d5b00000, 0x00000000d9e80000, 0x0000000100000000)
  eden space 38400K, 0% used [0x00000000d5b00000,0x00000000d5b00000,0x00000000d8080000)
  from space 6144K, 99% used [0x00000000d8080000,0x00000000d8678730,0x00000000d8680000)
  to   space 7680K, 0% used [0x00000000d9700000,0x00000000d9700000,0x00000000d9e80000)
 ParOldGen       total 129536K, used 9426K [0x0000000081000000, 0x0000000088e80000, 0x00000000d5b00000)
  object space 129536K, 7% used [0x0000000081000000,0x00000000819349c8,0x0000000088e80000)
 Metaspace       used 11376K, capacity 11526K, committed 11648K, reserved 1058816K
  class space    used 1239K, capacity 1286K, committed 1408K, reserved 1048576K
}
Event: 2.807 GC heap before
{Heap before GC invocations=20 (full 0):
 PSYoungGen      total 44544K, used 44513K [0x00000000d5b00000, 0x00000000d9e80000, 0x0000000100000000)
  eden space 38400K, 100% used [0x00000000d5b00000,0x00000000d8080000,0x00000000d8080000)
  from space 6144K, 99% used [0x00000000d8080000,0x00000000d8678730,0x00000000d8680000)
  to   space 7680K, 0% used [0x00000000d9700000,0x00000000d9700000,0x00000000d9e80000)
 ParOldGen       total 129536K, used 9426K [0x0000000081000000, 0x0000000088e80000, 0x00000000d5b00000)
  object space 129536K, 7% used [0x0000000081000000,0x00000000819349c8,0x0000000088e80000)
 Metaspace       used 13310K, capacity 13446K, committed 13568K, reserved 1060864K
  class space    used 1475K, capacity 1526K, committed 1536K, reserved 1048576K
Event: 2.813 GC heap after
Heap after GC invocations=20 (full 0):
 PSYoungGen      total 61440K, used 4525K [0x00000000d5b00000, 0x00000000d9e80000, 0x0000000100000000)
  eden space 53760K, 0% used [0x00000000d5b00000,0x00000000d5b00000,0x00000000d8f80000)
  from space 7680K, 58% used [0x00000000d9700000,0x00000000d9b6b590,0x00000000d9e80000)
  to   space 7680K, 0% used [0x00000000d8f80000,0x00000000d8f80000,0x00000000d9700000)
 ParOldGen       total 129536K, used 9602K [0x0000000081000000, 0x0000000088e80000, 0x00000000d5b00000)
  object space 129536K, 7% used [0x0000000081000000,0x00000000819609c8,0x0000000088e80000)
 Metaspace       used 13310K, capacity 13446K, committed 13568K, reserved 1060864K
  class space    used 1475K, capacity 1526K, committed 1536K, reserved 1048576K
}
Event: 11.330 GC heap before
{Heap before GC invocations=21 (full 0):
 PSYoungGen      total 61440K, used 58285K [0x00000000d5b00000, 0x00000000d9e80000, 0x0000000100000000)
  eden space 53760K, 100% used [0x00000000d5b00000,0x00000000d8f80000,0x00000000d8f80000)
  from space 7680K, 58% used [0x00000000d9700000,0x00000000d9b6b590,0x00000000d9e80000)
  to   space 7680K, 0% used [0x00000000d8f80000,0x00000000d8f80000,0x00000000d9700000)
 ParOldGen       total 129536K, used 9602K [0x0000000081000000, 0x0000000088e80000, 0x00000000d5b00000)
  object space 129536K, 7% used [0x0000000081000000,0x00000000819609c8,0x0000000088e80000)
 Metaspace       used 20296K, capacity 20538K, committed 20864K, reserved 1067008K
  class space    used 2487K, capacity 2568K, committed 2688K, reserved 1048576K
Event: 11.342 GC heap after
Heap after GC invocations=21 (full 0):
 PSYoungGen      total 61440K, used 7674K [0x00000000d5b00000, 0x00000000db880000, 0x0000000100000000)
  eden space 53760K, 0% used [0x00000000d5b00000,0x00000000d5b00000,0x00000000d8f80000)
  from space 7680K, 99% used [0x00000000d8f80000,0x00000000d96feb98,0x00000000d9700000)
  to   space 10240K, 0% used [0x00000000dae80000,0x00000000dae80000,0x00000000db880000)
 ParOldGen       total 129536K, used 12644K [0x0000000081000000, 0x0000000088e80000, 0x00000000d5b00000)
  object space 129536K, 9% used [0x0000000081000000,0x0000000081c59308,0x0000000088e80000)
 Metaspace       used 20296K, capacity 20538K, committed 20864K, reserved 1067008K
  class space    used 2487K, capacity 2568K, committed 2688K, reserved 1048576K
}

Deoptimization events (10 events):
Event: 11.354 Thread 0x000000001c761800 Uncommon trap: reason=range_check action=none pc=0x000000000326dbdc method=sun.reflect.generics.parser.SignatureParser.current()C @ 34
Event: 11.359 Thread 0x000000001c761800 Uncommon trap: reason=bimorphic action=maybe_recompile pc=0x000000000326c544 method=java.util.HashMap.putVal(ILjava/lang/Object;Ljava/lang/Object;ZZ)Ljava/lang/Object; @ 203
Event: 11.359 Thread 0x000000001c761800 Uncommon trap: reason=range_check action=none pc=0x000000000326dbdc method=sun.reflect.generics.parser.SignatureParser.current()C @ 34
Event: 11.359 Thread 0x000000001c761800 Uncommon trap: reason=range_check action=none pc=0x000000000326dbdc method=sun.reflect.generics.parser.SignatureParser.current()C @ 34
Event: 11.359 Thread 0x000000001c761800 Uncommon trap: reason=range_check action=none pc=0x000000000326dbdc method=sun.reflect.generics.parser.SignatureParser.current()C @ 34
Event: 15.298 Thread 0x000000001c761800 Uncommon trap: reason=range_check action=none pc=0x000000000326dbdc method=sun.reflect.generics.parser.SignatureParser.current()C @ 34
Event: 15.298 Thread 0x000000001c761800 Uncommon trap: reason=range_check action=none pc=0x000000000326dbdc method=sun.reflect.generics.parser.SignatureParser.current()C @ 34
Event: 15.298 Thread 0x000000001c761800 Uncommon trap: reason=range_check action=none pc=0x000000000326dbdc method=sun.reflect.generics.parser.SignatureParser.current()C @ 34
Event: 15.298 Thread 0x000000001c761800 Uncommon trap: reason=bimorphic action=maybe_recompile pc=0x000000000326c544 method=java.util.HashMap.putVal(ILjava/lang/Object;Ljava/lang/Object;ZZ)Ljava/lang/Object; @ 203
Event: 15.299 Thread 0x000000001c761800 Uncommon trap: reason=range_check action=none pc=0x000000000326dbdc method=sun.reflect.generics.parser.SignatureParser.current()C @ 34

Internal exceptions (10 events):
Event: 15.309 Thread 0x000000001c761800 Exception <a 'java/security/PrivilegedActionException'> (0x00000000d5cf2fc0) thrown at [D:\re\workspace\8-2-build-windows-amd64-cygwin\jdk8u5\2488\hotspot\src\share\vm\prims\jvm.cpp, line 1248]
Event: 15.310 Thread 0x000000001c761800 Exception <a 'java/security/PrivilegedActionException'> (0x00000000d5cf9f68) thrown at [D:\re\workspace\8-2-build-windows-amd64-cygwin\jdk8u5\2488\hotspot\src\share\vm\prims\jvm.cpp, line 1248]
Event: 15.310 Thread 0x000000001c761800 Exception <a 'java/security/PrivilegedActionException'> (0x00000000d5cffd88) thrown at [D:\re\workspace\8-2-build-windows-amd64-cygwin\jdk8u5\2488\hotspot\src\share\vm\prims\jvm.cpp, line 1248]
Event: 15.312 Thread 0x000000001c761800 Exception <a 'java/security/PrivilegedActionException'> (0x00000000d5d06678) thrown at [D:\re\workspace\8-2-build-windows-amd64-cygwin\jdk8u5\2488\hotspot\src\share\vm\prims\jvm.cpp, line 1248]
Event: 15.313 Thread 0x000000001c761800 Exception <a 'java/security/PrivilegedActionException'> (0x00000000d5d0cb28) thrown at [D:\re\workspace\8-2-build-windows-amd64-cygwin\jdk8u5\2488\hotspot\src\share\vm\prims\jvm.cpp, line 1248]
Event: 15.315 Thread 0x000000001c761800 Exception <a 'java/security/PrivilegedActionException'> (0x00000000d5d12e70) thrown at [D:\re\workspace\8-2-build-windows-amd64-cygwin\jdk8u5\2488\hotspot\src\share\vm\prims\jvm.cpp, line 1248]
Event: 15.315 Thread 0x000000001c761800 Exception <a 'java/security/PrivilegedActionException'> (0x00000000d5d16f30) thrown at [D:\re\workspace\8-2-build-windows-amd64-cygwin\jdk8u5\2488\hotspot\src\share\vm\prims\jvm.cpp, line 1248]
Event: 15.316 Thread 0x000000001c761800 Exception <a 'java/security/PrivilegedActionException'> (0x00000000d5d1e798) thrown at [D:\re\workspace\8-2-build-windows-amd64-cygwin\jdk8u5\2488\hotspot\src\share\vm\prims\jvm.cpp, line 1248]
Event: 15.318 Thread 0x000000001c761800 Exception <a 'java/security/PrivilegedActionException'> (0x00000000d5d22740) thrown at [D:\re\workspace\8-2-build-windows-amd64-cygwin\jdk8u5\2488\hotspot\src\share\vm\prims\jvm.cpp, line 1248]
Event: 15.319 Thread 0x000000001c761800 Exception <a 'java/security/PrivilegedActionException'> (0x00000000d5d25b58) thrown at [D:\re\workspace\8-2-build-windows-amd64-cygwin\jdk8u5\2488\hotspot\src\share\vm\prims\jvm.cpp, line 1248]

Events (10 events):
Event: 15.319 Thread 0x000000001c761800 DEOPT PACKING pc=0x0000000002e27694 sp=0x000000001fc3c020
Event: 15.319 Thread 0x000000001c761800 DEOPT UNPACKING pc=0x0000000002c77604 sp=0x000000001fc3bd50 mode 1
Event: 15.319 Thread 0x000000001c761800 DEOPT PACKING pc=0x0000000002dd245c sp=0x000000001fc3cc00
Event: 15.319 Thread 0x000000001c761800 DEOPT UNPACKING pc=0x0000000002c77604 sp=0x000000001fc3c948 mode 1
Event: 15.319 Thread 0x000000001c761800 DEOPT PACKING pc=0x0000000002f97c5c sp=0x000000001fc3cc70
Event: 15.319 Thread 0x000000001c761800 DEOPT UNPACKING pc=0x0000000002c77604 sp=0x000000001fc3ca80 mode 1
Event: 15.319 Thread 0x000000001c761800 DEOPT PACKING pc=0x0000000002f979ec sp=0x000000001fc3cdf0
Event: 15.319 Thread 0x000000001c761800 DEOPT UNPACKING pc=0x0000000002c77604 sp=0x000000001fc3cc00 mode 1
Event: 21.026 Executing VM operation: RedefineClasses
Event: 21.042 Executing VM operation: RedefineClasses done


Dynamic libraries:
0x00007ff62be50000 - 0x00007ff62be84000 	C:\Program Files\Java\jdk1.8.0_05\bin\javaw.exe
0x00007fffc75a0000 - 0x00007fffc7771000 	C:\WINDOWS\SYSTEM32\ntdll.dll
0x00007fffc4bd0000 - 0x00007fffc4c7b000 	C:\WINDOWS\System32\KERNEL32.DLL
0x00007fffc41e0000 - 0x00007fffc43fd000 	C:\WINDOWS\System32\KERNELBASE.dll
0x00007fffc6d10000 - 0x00007fffc6db2000 	C:\WINDOWS\System32\ADVAPI32.dll
0x00007fffc7010000 - 0x00007fffc70ae000 	C:\WINDOWS\System32\msvcrt.dll
0x00007fffc7540000 - 0x00007fffc7599000 	C:\WINDOWS\System32\sechost.dll
0x00007fffc6ee0000 - 0x00007fffc7001000 	C:\WINDOWS\System32\RPCRT4.dll
0x00007fffc6b30000 - 0x00007fffc6c95000 	C:\WINDOWS\System32\USER32.dll
0x00007fffc3ba0000 - 0x00007fffc3bbe000 	C:\WINDOWS\System32\win32u.dll
0x00007fffc74e0000 - 0x00007fffc7514000 	C:\WINDOWS\System32\GDI32.dll
0x00007fffc4050000 - 0x00007fffc41d2000 	C:\WINDOWS\System32\gdi32full.dll
0x00007fffbe7b0000 - 0x00007fffbea2a000 	C:\WINDOWS\WinSxS\amd64_microsoft.windows.common-controls_6595b64144ccf1df_6.0.14393.953_none_42151e83c686086b\COMCTL32.dll
0x00007fffc6200000 - 0x00007fffc64c8000 	C:\WINDOWS\System32\combase.dll
0x00007fffc3f50000 - 0x00007fffc4045000 	C:\WINDOWS\System32\ucrtbase.dll
0x00007fffc3bc0000 - 0x00007fffc3c2a000 	C:\WINDOWS\System32\bcryptPrimitives.dll
0x00007fffc6b00000 - 0x00007fffc6b2e000 	C:\WINDOWS\System32\IMM32.DLL
0x0000000069690000 - 0x0000000069762000 	C:\Program Files\Java\jdk1.8.0_05\jre\bin\msvcr100.dll
0x0000000068e60000 - 0x000000006968a000 	C:\Program Files\Java\jdk1.8.0_05\jre\bin\server\jvm.dll
0x00007fffc7530000 - 0x00007fffc7538000 	C:\WINDOWS\System32\PSAPI.DLL
0x00007fffc1d70000 - 0x00007fffc1d93000 	C:\WINDOWS\SYSTEM32\WINMM.dll
0x00007fffc0da0000 - 0x00007fffc0da9000 	C:\WINDOWS\SYSTEM32\WSOCK32.dll
0x00007fffc6ca0000 - 0x00007fffc6d0a000 	C:\WINDOWS\System32\WS2_32.dll
0x00007fffc1d10000 - 0x00007fffc1d3b000 	C:\WINDOWS\SYSTEM32\WINMMBASE.dll
0x00007fffc4400000 - 0x00007fffc4442000 	C:\WINDOWS\System32\cfgmgr32.dll
0x0000000068e50000 - 0x0000000068e5f000 	C:\Program Files\Java\jdk1.8.0_05\jre\bin\verify.dll
0x0000000068e20000 - 0x0000000068e48000 	C:\Program Files\Java\jdk1.8.0_05\jre\bin\java.dll
0x0000000068de0000 - 0x0000000068e15000 	C:\Program Files\Java\jdk1.8.0_05\jre\bin\jdwp.dll
0x0000000068dd0000 - 0x0000000068dd8000 	C:\Program Files\Java\jdk1.8.0_05\jre\bin\npt.dll
0x0000000068db0000 - 0x0000000068dc6000 	C:\Program Files\Java\jdk1.8.0_05\jre\bin\zip.dll
0x00007fffc4ce0000 - 0x00007fffc61e8000 	C:\WINDOWS\System32\SHELL32.dll
0x00007fffc4450000 - 0x00007fffc4b2a000 	C:\WINDOWS\System32\windows.storage.dll
0x00007fffc3a20000 - 0x00007fffc3a6c000 	C:\WINDOWS\System32\powrprof.dll
0x00007fffc6aa0000 - 0x00007fffc6af2000 	C:\WINDOWS\System32\shlwapi.dll
0x00007fffc3a80000 - 0x00007fffc3a8f000 	C:\WINDOWS\System32\kernel.appcore.dll
0x00007fffc3a90000 - 0x00007fffc3b39000 	C:\WINDOWS\System32\shcore.dll
0x00007fffc3a00000 - 0x00007fffc3a14000 	C:\WINDOWS\System32\profapi.dll
0x0000000068da0000 - 0x0000000068da9000 	C:\Program Files\Java\jdk1.8.0_05\jre\bin\dt_socket.dll
0x00007fffb6330000 - 0x00007fffb6346000 	C:\WINDOWS\system32\napinsp.dll
0x00007fffb6310000 - 0x00007fffb632a000 	C:\WINDOWS\system32\pnrpnsp.dll
0x00007fffc01e0000 - 0x00007fffc01f8000 	C:\WINDOWS\system32\NLAapi.dll
0x00007fffc32d0000 - 0x00007fffc332c000 	C:\WINDOWS\System32\mswsock.dll
0x00007fffc3090000 - 0x00007fffc3131000 	C:\WINDOWS\SYSTEM32\DNSAPI.dll
0x00007fffc61f0000 - 0x00007fffc61f8000 	C:\WINDOWS\System32\NSI.dll
0x00007fffc3050000 - 0x00007fffc3088000 	C:\WINDOWS\SYSTEM32\IPHLPAPI.DLL
0x00007fffb66e0000 - 0x00007fffb66ee000 	C:\WINDOWS\System32\winrnr.dll
0x00007fffb61c0000 - 0x00007fffb61d5000 	C:\WINDOWS\System32\wshbth.dll
0x00007fffbe740000 - 0x00007fffbe7aa000 	C:\WINDOWS\System32\fwpuclnt.dll
0x00007fffc3940000 - 0x00007fffc396b000 	C:\WINDOWS\SYSTEM32\bcrypt.dll
0x00007fffb8e30000 - 0x00007fffb8e3a000 	C:\Windows\System32\rasadhlp.dll
0x0000000068d90000 - 0x0000000068d9d000 	C:\Program Files\Java\jdk1.8.0_05\jre\bin\management.dll
0x0000000068d70000 - 0x0000000068d8a000 	C:\Program Files\Java\jdk1.8.0_05\jre\bin\net.dll
0x0000000068d50000 - 0x0000000068d61000 	C:\Program Files\Java\jdk1.8.0_05\jre\bin\nio.dll
0x00007fffc3470000 - 0x00007fffc3487000 	C:\WINDOWS\SYSTEM32\CRYPTSP.dll
0x00007fffc2ed0000 - 0x00007fffc2f03000 	C:\WINDOWS\system32\rsaenh.dll
0x00007fffc3150000 - 0x00007fffc316f000 	C:\WINDOWS\SYSTEM32\USERENV.dll
0x00007fffc3930000 - 0x00007fffc393b000 	C:\WINDOWS\SYSTEM32\CRYPTBASE.dll
0x00007fffc03f0000 - 0x00007fffc0406000 	C:\WINDOWS\SYSTEM32\dhcpcsvc6.DLL
0x00007fffc0450000 - 0x00007fffc046a000 	C:\WINDOWS\SYSTEM32\dhcpcsvc.DLL
0x00007fffbef50000 - 0x00007fffbf0e2000 	C:\WINDOWS\SYSTEM32\dbghelp.dll

VM Arguments:
jvm_args: -agentlib:jdwp=transport=dt_socket,suspend=y,address=localhost:52770 -Dfile.encoding=Cp1252 
java_command: com.test.Launcher
java_class_path (initial): F:\Pundlik\MyTesting\MyTestingTool\target\classes;C:\Users\Vinayak\.m2\repository\org\apache\tomcat\embed\tomcat-embed-core\8.0.28\tomcat-embed-core-8.0.28.jar;C:\Users\Vinayak\.m2\repository\org\apache\tomcat\embed\tomcat-embed-logging-juli\8.0.28\tomcat-embed-logging-juli-8.0.28.jar;C:\Users\Vinayak\.m2\repository\org\apache\tomcat\embed\tomcat-embed-jasper\8.0.28\tomcat-embed-jasper-8.0.28.jar;C:\Users\Vinayak\.m2\repository\org\apache\tomcat\embed\tomcat-embed-el\8.0.28\tomcat-embed-el-8.0.28.jar;C:\Users\Vinayak\.m2\repository\org\eclipse\jdt\core\compiler\ecj\4.4.2\ecj-4.4.2.jar;C:\Users\Vinayak\.m2\repository\org\apache\tomcat\tomcat-jasper\8.0.28\tomcat-jasper-8.0.28.jar;C:\Users\Vinayak\.m2\repository\org\apache\tomcat\tomcat-servlet-api\8.0.28\tomcat-servlet-api-8.0.28.jar;C:\Users\Vinayak\.m2\repository\org\apache\tomcat\tomcat-juli\8.0.28\tomcat-juli-8.0.28.jar;C:\Users\Vinayak\.m2\repository\org\apache\tomcat\tomcat-el-api\8.0.28\tomcat-el-api-8.0.28.jar;C:\Users\Vinayak\.m2\repository\org\apache\tomcat\tomcat-api\8.0.28\tomcat-api-8.0.28.jar;C:\Users\Vinayak\.m2\repository\org\apache\tomcat\tomcat-util-scan\8.0.28\tomcat-util-scan-8.0.28.jar;C:\Users\Vinayak\.m2\repository\org\apache\tomcat\tomcat-util\8.0.28\tomcat-util-8.0.28.jar;C:\Users\Vinayak\.m2\repository\org\apache\tomcat\tomcat-jasper-el\8.0.28\tomcat-jasper-el-8.0.28.jar;C:\Users\Vinayak\.m2\repository\org\apache\tomcat\tomcat-jsp-api\8.0.28\tomcat-jsp-api-8.0.28.jar;C:\Users\Vinayak\.m2\repository\jstl\jstl\1.2\jstl-1.2.jar;C:\Users\Vinayak\.m2\repository\com\sun\jersey\jersey-server\1.8\jersey-server-1.8.jar;C:\Users\Vinayak\.m2\repository\asm\asm\3.1\asm-3.1.jar;C:\Users\Vinayak\.m2\repository\com\sun\jersey\jersey-core\1.8\jersey-core-1.8.jar;C:\Users\Vinayak\.m2\repository\com\google\code\gson\gson\2.8.0\gson-2.8.0.jar;C:\Users\Vinayak\.m2\repository\com\fasterxml\jackson\jaxrs\jackson-jaxrs-json-provider\2.3.0\jackson-jaxrs-json-provider-2.3.0.jar;C:\Users\
Launcher Type: SUN_STANDARD

Environment Variables:
JAVA_HOME=C:\Program Files\Java\jdk1.8.0_05
PATH=C:\Program Files\Java\jdk1.8.0_05\jre\bin;C:/Program Files/Java/jdk1.7.0_71/bin/../jre/bin/server;C:/Program Files/Java/jdk1.7.0_71/bin/../jre/bin;C:/Program Files/Java/jdk1.7.0_71/bin/../jre/lib/amd64;C:\ProgramData\Oracle\Java\javapath;C:\WINDOWS\system32;C:\WINDOWS;C:\WINDOWS\System32\Wbem;C:\WINDOWS\System32\WindowsPowerShell\v1.0\;C:\Program Files (x86)\MySQL\MySQL Utilities 1.3.6\;C:\Program Files (x86)\Git\cmd;C:\Program Files\TortoiseGit\bin;C:\Program Files\nodejs\;C:\Program Files\Java\jdk1.8.0_05\bin;MYSQL_HOME\bin;G:\software\sw\apache-maven-3.2.3-bin\apache-maven-3.2.3\bin;;C:\Users\Vinayak\AppData\Local\Microsoft\WindowsApps;C:\Users\Vinayak\AppData\Roaming\npm;G:\software\eclipse;
USERNAME=Vinayak
OS=Windows_NT
PROCESSOR_IDENTIFIER=Intel64 Family 6 Model 69 Stepping 1, GenuineIntel



---------------  S Y S T E M  ---------------

OS: Windows 8.1 , 64 bit Build 9600 

CPU:total 4 (2 cores per cpu, 2 threads per core) family 6 model 69 stepping 1, cmov, cx8, fxsr, mmx, sse, sse2, sse3, ssse3, sse4.1, sse4.2, popcnt, avx, avx2, aes, clmul, erms, ht, tsc, tscinvbit

Memory: 4k page, physical 8317080k(4643736k free), swap 9627800k(4479596k free)

vm_info: Java HotSpot(TM) 64-Bit Server VM (25.5-b02) for windows-amd64 JRE (1.8.0_05-b13), built on Mar 18 2014 01:08:39 by "java_re" with MS VC++ 10.0 (VS2010)

time: Fri Apr 14 23:23:38 2017
elapsed time: 21 seconds

